<?xml version="1.0" encoding="UTF-8"?>
<testsuite name="PersonTest" tests="4" skipped="0" failures="0" errors="0" timestamp="2020-02-10T09:57:44" hostname="recruit-ThinkCentre-M73" time="0.002">
  <properties/>
  <testcase name="testAge" classname="PersonTest" time="0.001"/>
  <testcase name="testName" classname="PersonTest" time="0.0"/>
  <testcase name="testPersonHello" classname="PersonTest" time="0.001"/>
  <testcase name="testGender" classname="PersonTest" time="0.0"/>
  <system-out><![CDATA[]]></system-out>
  <system-err><![CDATA[]]></system-err>
</testsuite>
